0 verbose cli C:\Program Files\nodejs\node.exe C:\Program Files\nodejs\node_modules\npm\bin\npm-cli.js
1 info using npm@11.6.2
2 info using node@v24.13.0
3 silly config load:file:C:\Program Files\nodejs\node_modules\npm\npmrc
4 silly config load:file:C:\Users\jordy\AppDesign\Tracking_Apps\Nature_Pokedex\.npmrc
5 silly config load:file:C:\Users\jordy\.npmrc
6 silly config load:file:C:\Users\jordy\AppData\Roaming\npm\etc\npmrc
7 verbose title npm install
8 verbose argv "install"
9 verbose logfile logs-max:10 dir:C:\Users\jordy\AppData\Local\npm-cache\_logs\2026-01-29T19_53_31_939Z-
10 verbose logfile C:\Users\jordy\AppData\Local\npm-cache\_logs\2026-01-29T19_53_31_939Z-debug-0.log
11 silly logfile start cleaning logs, removing 1 files
12 silly packumentCache heap:4496293888 maxSize:1124073472 maxEntrySize:562036736
13 silly logfile done cleaning log files
14 silly idealTree buildDeps
15 silly reify moves {}
16 verbose stack Error: Could not read package.json: Error: ENOENT: no such file or directory, open 'C:\Users\jordy\AppDesign\Tracking_Apps\Nature_Pokedex\package.json'
16 verbose stack     at async open (node:internal/fs/promises:637:25)
16 verbose stack     at async readFile (node:internal/fs/promises:1269:14)
16 verbose stack     at async read (C:\Program Files\nodejs\node_modules\npm\node_modules\@npmcli\package-json\lib\read-package.js:9:18)
16 verbose stack     at async PackageJson.load (C:\Program Files\nodejs\node_modules\npm\node_modules\@npmcli\package-json\lib\index.js:131:31)
16 verbose stack     at async PackageJson.normalize (C:\Program Files\nodejs\node_modules\npm\node_modules\@npmcli\package-json\lib\index.js:117:5)
16 verbose stack     at async runScript (C:\Program Files\nodejs\node_modules\npm\node_modules\@npmcli\run-script\lib\run-script.js:11:28)
16 verbose stack     at async Install.exec (C:\Program Files\nodejs\node_modules\npm\lib\commands\install.js:163:9)
16 verbose stack     at async Npm.exec (C:\Program Files\nodejs\node_modules\npm\lib\npm.js:208:9)
16 verbose stack     at async module.exports (C:\Program Files\nodejs\node_modules\npm\lib\cli\entry.js:67:5)
17 error code ENOENT
18 error syscall open
19 error path C:\Users\jordy\AppDesign\Tracking_Apps\Nature_Pokedex\package.json
20 error errno -4058
21 error enoent Could not read package.json: Error: ENOENT: no such file or directory, open 'C:\Users\jordy\AppDesign\Tracking_Apps\Nature_Pokedex\package.json'
22 error enoent This is related to npm not being able to find a file.
22 error enoent
23 verbose cwd C:\Users\jordy\AppDesign\Tracking_Apps\Nature_Pokedex
24 verbose os Windows_NT 10.0.22631
25 verbose node v24.13.0
26 verbose npm  v11.6.2
27 verbose exit -4058
28 verbose code -4058
29 error A complete log of this run can be found in: C:\Users\jordy\AppData\Local\npm-cache\_logs\2026-01-29T19_53_31_939Z-debug-0.log
